This is pdfTeX, Version 3.1415926-2.5-1.40.14 (MiKTeX 2.9 64-bit) (preloaded format=pdflatex 2017.4.28)  9 JAN 2018 11:56
entering extended mode
**C:/Dropbox/PCADSC/article/APM/Fig1.tex
(C:/Dropbox/PCADSC/article/APM/Fig1.tex
LaTeX2e <2011/06/27>
Babel <v3.8m> and hyphenation patterns for english, afrikaans, ancientgreek, ar
abic, armenian, assamese, basque, bengali, bokmal, bulgarian, catalan, coptic, 
croatian, czech, danish, dutch, esperanto, estonian, farsi, finnish, french, ga
lician, german, german-x-2013-05-26, greek, gujarati, hindi, hungarian, iceland
ic, indonesian, interlingua, irish, italian, kannada, kurmanji, latin, latvian,
 lithuanian, malayalam, marathi, mongolian, mongolianlmc, monogreek, ngerman, n
german-x-2013-05-26, nynorsk, oriya, panjabi, pinyin, polish, portuguese, roman
ian, russian, sanskrit, serbian, slovak, slovenian, spanish, swedish, swissgerm
an, tamil, telugu, turkish, turkmen, ukenglish, ukrainian, uppersorbian, usengl
ishmax, welsh, loaded.
("C:\Program Files\MiKTeX 2.9\tex\latex\base\article.cls"
Document Class: article 2007/10/19 v1.4h Standard LaTeX document class
("C:\Program Files\MiKTeX 2.9\tex\latex\base\size11.clo"
File: size11.clo 2007/10/19 v1.4h Standard LaTeX file (size option)
)
\c@part=\count79
\c@section=\count80
\c@subsection=\count81
\c@subsubsection=\count82
\c@paragraph=\count83
\c@subparagraph=\count84
\c@figure=\count85
\c@table=\count86
\abovecaptionskip=\skip41
\belowcaptionskip=\skip42
\bibindent=\dimen102
)
("C:\Program Files\MiKTeX 2.9\tex\latex\graphics\graphicx.sty"
Package: graphicx 1999/02/16 v1.0f Enhanced LaTeX Graphics (DPC,SPQR)

("C:\Program Files\MiKTeX 2.9\tex\latex\graphics\keyval.sty"
Package: keyval 1999/03/16 v1.13 key=value parser (DPC)
\KV@toks@=\toks14
)
("C:\Program Files\MiKTeX 2.9\tex\latex\graphics\graphics.sty"
Package: graphics 2009/02/05 v1.0o Standard LaTeX Graphics (DPC,SPQR)

("C:\Program Files\MiKTeX 2.9\tex\latex\graphics\trig.sty"
Package: trig 1999/03/16 v1.09 sin cos tan (DPC)
)
("C:\Program Files\MiKTeX 2.9\tex\latex\00miktex\graphics.cfg"
File: graphics.cfg 2007/01/18 v1.5 graphics configuration of teTeX/TeXLive
)
Package graphics Info: Driver file: dvips.def on input line 91.

("C:\Program Files\MiKTeX 2.9\tex\latex\graphics\dvips.def"
File: dvips.def 1999/02/16 v3.0i Driver-dependant file (DPC,SPQR)
))
\Gin@req@height=\dimen103
\Gin@req@width=\dimen104
)
("C:\Program Files\MiKTeX 2.9\tex\latex\graphics\color.sty"
Package: color 2005/11/14 v1.0j Standard LaTeX Color (DPC)

("C:\Program Files\MiKTeX 2.9\tex\latex\00miktex\color.cfg"
File: color.cfg 2007/01/18 v1.5 color configuration of teTeX/TeXLive
)
Package color Info: Driver file: pdftex.def on input line 130.

("C:\Program Files\MiKTeX 2.9\tex\latex\pdftex-def\pdftex.def"
File: pdftex.def 2011/05/27 v0.06d Graphics/color for pdfTeX

("C:\Program Files\MiKTeX 2.9\tex\generic\oberdiek\infwarerr.sty"
Package: infwarerr 2010/04/08 v1.3 Providing info/warning/error messages (HO)
)
("C:\Program Files\MiKTeX 2.9\tex\generic\oberdiek\ltxcmds.sty"
Package: ltxcmds 2011/11/09 v1.22 LaTeX kernel commands for general use (HO)
)
\Gread@gobject=\count87
))
(C:\Dropbox\PCADSC\article\APM\mathtools.sty
Package: mathtools 2012/04/24 v1.12 mathematical typesetting tools

("C:\Program Files\MiKTeX 2.9\tex\latex\tools\calc.sty"
Package: calc 2007/08/22 v4.3 Infix arithmetic (KKT,FJ)
\calc@Acount=\count88
\calc@Bcount=\count89
\calc@Adimen=\dimen105
\calc@Bdimen=\dimen106
\calc@Askip=\skip43
\calc@Bskip=\skip44
LaTeX Info: Redefining \setlength on input line 76.
LaTeX Info: Redefining \addtolength on input line 77.
\calc@Ccount=\count90
\calc@Cskip=\skip45
)
(C:\Dropbox\PCADSC\article\APM\mhsetup.sty
Package: mhsetup 2010/01/21 v1.2a programming setup (MH)
)
("C:\Program Files\MiKTeX 2.9\tex\latex\amsmath\amsmath.sty"
Package: amsmath 2013/01/14 v2.14 AMS math features
\@mathmargin=\skip46

For additional information on amsmath, use the `?' option.
("C:\Program Files\MiKTeX 2.9\tex\latex\amsmath\amstext.sty"
Package: amstext 2000/06/29 v2.01

("C:\Program Files\MiKTeX 2.9\tex\latex\amsmath\amsgen.sty"
File: amsgen.sty 1999/11/30 v2.0
\@emptytoks=\toks15
\ex@=\dimen107
))
("C:\Program Files\MiKTeX 2.9\tex\latex\amsmath\amsbsy.sty"
Package: amsbsy 1999/11/29 v1.2d
\pmbraise@=\dimen108
)
("C:\Program Files\MiKTeX 2.9\tex\latex\amsmath\amsopn.sty"
Package: amsopn 1999/12/14 v2.01 operator names
)
\inf@bad=\count91
LaTeX Info: Redefining \frac on input line 210.
\uproot@=\count92
\leftroot@=\count93
LaTeX Info: Redefining \overline on input line 306.
\classnum@=\count94
\DOTSCASE@=\count95
LaTeX Info: Redefining \ldots on input line 378.
LaTeX Info: Redefining \dots on input line 381.
LaTeX Info: Redefining \cdots on input line 466.
\Mathstrutbox@=\box26
\strutbox@=\box27
\big@size=\dimen109
LaTeX Font Info:    Redeclaring font encoding OML on input line 566.
LaTeX Font Info:    Redeclaring font encoding OMS on input line 567.
\macc@depth=\count96
\c@MaxMatrixCols=\count97
\dotsspace@=\muskip10
\c@parentequation=\count98
\dspbrk@lvl=\count99
\tag@help=\toks16
\row@=\count100
\column@=\count101
\maxfields@=\count102
\andhelp@=\toks17
\eqnshift@=\dimen110
\alignsep@=\dimen111
\tagshift@=\dimen112
\tagwidth@=\dimen113
\totwidth@=\dimen114
\lineht@=\dimen115
\@envbody=\toks18
\multlinegap=\skip47
\multlinetaggap=\skip48
\mathdisplay@stack=\toks19
LaTeX Info: Redefining \[ on input line 2665.
LaTeX Info: Redefining \] on input line 2666.
)
\g_MT_multlinerow_int=\count103
\l_MT_multwidth_dim=\dimen116
\origjot=\skip49
\l_MT_shortvdotswithinadjustabove_dim=\dimen117
\l_MT_shortvdotswithinadjustbelow_dim=\dimen118
\l_MT_above_intertext_dim=\dimen119
\l_MT_below_intertext_dim=\dimen120
\l_MT_above_shortintertext_dim=\dimen121
\l_MT_below_shortintertext_dim=\dimen122
)
("C:\Program Files\MiKTeX 2.9\tex\latex\amsfonts\amssymb.sty"
Package: amssymb 2013/01/14 v3.01 AMS font symbols

("C:\Program Files\MiKTeX 2.9\tex\latex\amsfonts\amsfonts.sty"
Package: amsfonts 2013/01/14 v3.01 Basic AMSFonts support
\symAMSa=\mathgroup4
\symAMSb=\mathgroup5
LaTeX Font Info:    Overwriting math alphabet `\mathfrak' in version `bold'
(Font)                  U/euf/m/n --> U/euf/b/n on input line 106.
))
("C:\Program Files\MiKTeX 2.9\tex\latex\hyperref\hyperref.sty"
Package: hyperref 2012/11/06 v6.83m Hypertext links for LaTeX

("C:\Program Files\MiKTeX 2.9\tex\generic\oberdiek\hobsub-hyperref.sty"
Package: hobsub-hyperref 2012/04/25 v1.12 Bundle oberdiek, subset hyperref (HO)


("C:\Program Files\MiKTeX 2.9\tex\generic\oberdiek\hobsub-generic.sty"
Package: hobsub-generic 2012/04/25 v1.12 Bundle oberdiek, subset generic (HO)
Package: hobsub 2012/04/25 v1.12 Construct package bundles (HO)
Package hobsub Info: Skipping package `infwarerr' (already loaded).
Package hobsub Info: Skipping package `ltxcmds' (already loaded).
Package: ifluatex 2010/03/01 v1.3 Provides the ifluatex switch (HO)
Package ifluatex Info: LuaTeX not detected.
Package: ifvtex 2010/03/01 v1.5 Detect VTeX and its facilities (HO)
Package ifvtex Info: VTeX not detected.
Package: intcalc 2007/09/27 v1.1 Expandable calculations with integers (HO)
Package: ifpdf 2011/01/30 v2.3 Provides the ifpdf switch (HO)
Package ifpdf Info: pdfTeX in PDF mode is detected.
Package: etexcmds 2011/02/16 v1.5 Avoid name clashes with e-TeX commands (HO)
Package etexcmds Info: Could not find \expanded.
(etexcmds)             That can mean that you are not using pdfTeX 1.50 or
(etexcmds)             that some package has redefined \expanded.
(etexcmds)             In the latter case, load this package earlier.
Package: kvsetkeys 2012/04/25 v1.16 Key value parser (HO)
Package: kvdefinekeys 2011/04/07 v1.3 Define keys (HO)
Package: pdftexcmds 2011/11/29 v0.20 Utility functions of pdfTeX for LuaTeX (HO
)
Package pdftexcmds Info: LuaTeX not detected.
Package pdftexcmds Info: \pdf@primitive is available.
Package pdftexcmds Info: \pdf@ifprimitive is available.
Package pdftexcmds Info: \pdfdraftmode found.
Package: pdfescape 2011/11/25 v1.13 Implements pdfTeX's escape features (HO)
Package: bigintcalc 2012/04/08 v1.3 Expandable calculations on big integers (HO
)
Package: bitset 2011/01/30 v1.1 Handle bit-vector datatype (HO)
Package: uniquecounter 2011/01/30 v1.2 Provide unlimited unique counter (HO)
)
Package hobsub Info: Skipping package `hobsub' (already loaded).
Package: letltxmacro 2010/09/02 v1.4 Let assignment for LaTeX macros (HO)
Package: hopatch 2011/06/24 v1.1 Wrapper for package hooks (HO)
Package: xcolor-patch 2011/01/30 xcolor patch
Package: atveryend 2011/06/30 v1.8 Hooks at the very end of document (HO)
Package atveryend Info: \enddocument detected (standard20110627).
Package: atbegshi 2011/10/05 v1.16 At begin shipout hook (HO)
Package: refcount 2011/10/16 v3.4 Data extraction from label references (HO)
Package: hycolor 2011/01/30 v1.7 Color options for hyperref/bookmark (HO)
)
("C:\Program Files\MiKTeX 2.9\tex\generic\ifxetex\ifxetex.sty"
Package: ifxetex 2010/09/12 v0.6 Provides ifxetex conditional
)
("C:\Program Files\MiKTeX 2.9\tex\latex\oberdiek\auxhook.sty"
Package: auxhook 2011/03/04 v1.3 Hooks for auxiliary files (HO)
)
("C:\Program Files\MiKTeX 2.9\tex\latex\oberdiek\kvoptions.sty"
Package: kvoptions 2011/06/30 v3.11 Key value format for package options (HO)
)
\@linkdim=\dimen123
\Hy@linkcounter=\count104
\Hy@pagecounter=\count105

("C:\Program Files\MiKTeX 2.9\tex\latex\hyperref\pd1enc.def"
File: pd1enc.def 2012/11/06 v6.83m Hyperref: PDFDocEncoding definition (HO)
)
\Hy@SavedSpaceFactor=\count106

("C:\Program Files\MiKTeX 2.9\tex\latex\00miktex\hyperref.cfg"
File: hyperref.cfg 2002/06/06 v1.2 hyperref configuration of TeXLive
)
Package hyperref Info: Hyper figures OFF on input line 4443.
Package hyperref Info: Link nesting OFF on input line 4448.
Package hyperref Info: Hyper index ON on input line 4451.
Package hyperref Info: Plain pages OFF on input line 4458.
Package hyperref Info: Backreferencing OFF on input line 4463.
Package hyperref Info: Implicit mode ON; LaTeX internals redefined.
Package hyperref Info: Bookmarks ON on input line 4688.
\c@Hy@tempcnt=\count107

("C:\Program Files\MiKTeX 2.9\tex\latex\url\url.sty"
\Urlmuskip=\muskip11
Package: url 2013/09/16  ver 3.4  Verb mode for urls, etc.
)
LaTeX Info: Redefining \url on input line 5041.
\XeTeXLinkMargin=\dimen124
\Fld@menulength=\count108
\Field@Width=\dimen125
\Fld@charsize=\dimen126
Package hyperref Info: Hyper figures OFF on input line 6295.
Package hyperref Info: Link nesting OFF on input line 6300.
Package hyperref Info: Hyper index ON on input line 6303.
Package hyperref Info: backreferencing OFF on input line 6310.
Package hyperref Info: Link coloring OFF on input line 6315.
Package hyperref Info: Link coloring with OCG OFF on input line 6320.
Package hyperref Info: PDF/A mode OFF on input line 6325.
LaTeX Info: Redefining \ref on input line 6365.
LaTeX Info: Redefining \pageref on input line 6369.
\Hy@abspage=\count109
\c@Item=\count110
\c@Hfootnote=\count111
)

Package hyperref Message: Driver (autodetected): hpdftex.

("C:\Program Files\MiKTeX 2.9\tex\latex\hyperref\hpdftex.def"
File: hpdftex.def 2012/11/06 v6.83m Hyperref driver for pdfTeX
\Fld@listcount=\count112
\c@bookmark@seq@number=\count113

("C:\Program Files\MiKTeX 2.9\tex\latex\oberdiek\rerunfilecheck.sty"
Package: rerunfilecheck 2011/04/15 v1.7 Rerun checks for auxiliary files (HO)
Package uniquecounter Info: New unique counter `rerunfilecheck' on input line 2
82.
)
\Hy@SectionHShift=\skip50
)
("C:\Program Files\MiKTeX 2.9\tex\latex\natbib\natbib.sty"
Package: natbib 2010/09/13 8.31b (PWD, AO)
\bibhang=\skip51
\bibsep=\skip52
LaTeX Info: Redefining \cite on input line 694.
\c@NAT@ctr=\count114
)
("C:\Program Files\MiKTeX 2.9\tex\latex\multirow\multirow.sty"
\bigstrutjot=\dimen127
)
("C:\Program Files\MiKTeX 2.9\tex\latex\xcolor\xcolor.sty"
Package: xcolor 2016/05/11 v2.12 LaTeX color extensions (UK)

("C:\Program Files\MiKTeX 2.9\tex\latex\00miktex\color.cfg"
File: color.cfg 2007/01/18 v1.5 color configuration of teTeX/TeXLive
)
Package xcolor Info: Driver file: pdftex.def on input line 225.

("C:\Program Files\MiKTeX 2.9\tex\latex\colortbl\colortbl.sty"
Package: colortbl 2012/02/13 v1.0a Color table columns (DPC)

("C:\Program Files\MiKTeX 2.9\tex\latex\tools\array.sty"
Package: array 2008/09/09 v2.4c Tabular extension package (FMi)
\col@sep=\dimen128
\extrarowheight=\dimen129
\NC@list=\toks20
\extratabsurround=\skip53
\backup@length=\skip54
)
\everycr=\toks21
\minrowclearance=\skip55
)
LaTeX Info: Redefining \color on input line 709.
\rownum=\count115
Package xcolor Info: Model `cmy' substituted by `cmy0' on input line 1348.
Package xcolor Info: Model `RGB' extended on input line 1364.
Package xcolor Info: Model `HTML' substituted by `rgb' on input line 1366.
Package xcolor Info: Model `Hsb' substituted by `hsb' on input line 1367.
Package xcolor Info: Model `tHsb' substituted by `hsb' on input line 1368.
Package xcolor Info: Model `HSB' substituted by `hsb' on input line 1369.
Package xcolor Info: Model `Gray' substituted by `gray' on input line 1370.
Package xcolor Info: Model `wave' substituted by `hsb' on input line 1371.
)
("C:\Program Files\MiKTeX 2.9\tex\latex\base\fontenc.sty"
Package: fontenc 2005/09/27 v1.99g Standard LaTeX package

("C:\Program Files\MiKTeX 2.9\tex\latex\base\t1enc.def"
File: t1enc.def 2005/09/27 v1.99g Standard LaTeX file
LaTeX Font Info:    Redeclaring font encoding T1 on input line 43.
))
("C:\Program Files\MiKTeX 2.9\tex\latex\caption\caption.sty"
Package: caption 2016/02/21 v3.3-144 Customizing captions (AR)

("C:\Program Files\MiKTeX 2.9\tex\latex\caption\caption3.sty"
Package: caption3 2016/05/22 v1.7-166 caption3 kernel (AR)
Package caption3 Info: TeX engine: e-TeX on input line 67.
\captionmargin=\dimen130
\captionmargin@=\dimen131
\captionwidth=\dimen132
\caption@tempdima=\dimen133
\caption@indent=\dimen134
\caption@parindent=\dimen135
\caption@hangindent=\dimen136
)
\c@ContinuedFloat=\count116
Package caption Info: hyperref package is loaded.
)
("C:\Program Files\MiKTeX 2.9\tex\latex\setspace\setspace.sty"
Package: setspace 2011/12/19 v6.7a set line spacing
)
("C:\Program Files\MiKTeX 2.9\tex\latex\pgf\frontendlayer\tikz.sty"
("C:\Program Files\MiKTeX 2.9\tex\latex\pgf\basiclayer\pgf.sty"
("C:\Program Files\MiKTeX 2.9\tex\latex\pgf\utilities\pgfrcs.sty"
("C:\Program Files\MiKTeX 2.9\tex\generic\pgf\utilities\pgfutil-common.tex"
\pgfutil@everybye=\toks22
\pgfutil@tempdima=\dimen137
\pgfutil@tempdimb=\dimen138

("C:\Program Files\MiKTeX 2.9\tex\generic\pgf\utilities\pgfutil-common-lists.te
x")) ("C:\Program Files\MiKTeX 2.9\tex\generic\pgf\utilities\pgfutil-latex.def"
\pgfutil@abb=\box28
("C:\Program Files\MiKTeX 2.9\tex\latex\ms\everyshi.sty"
Package: everyshi 2001/05/15 v3.00 EveryShipout Package (MS)
))
("C:\Program Files\MiKTeX 2.9\tex\generic\pgf\utilities\pgfrcs.code.tex"
Package: pgfrcs 2015/08/07 v3.0.1a (rcs-revision 1.31)
))
Package: pgf 2015/08/07 v3.0.1a (rcs-revision 1.15)

("C:\Program Files\MiKTeX 2.9\tex\latex\pgf\basiclayer\pgfcore.sty"
("C:\Program Files\MiKTeX 2.9\tex\latex\pgf\systemlayer\pgfsys.sty"
("C:\Program Files\MiKTeX 2.9\tex\generic\pgf\systemlayer\pgfsys.code.tex"
Package: pgfsys 2014/07/09 v3.0.1a (rcs-revision 1.48)

("C:\Program Files\MiKTeX 2.9\tex\generic\pgf\utilities\pgfkeys.code.tex"
\pgfkeys@pathtoks=\toks23
\pgfkeys@temptoks=\toks24

("C:\Program Files\MiKTeX 2.9\tex\generic\pgf\utilities\pgfkeysfiltered.code.te
x"
\pgfkeys@tmptoks=\toks25
))
\pgf@x=\dimen139
\pgf@y=\dimen140
\pgf@xa=\dimen141
\pgf@ya=\dimen142
\pgf@xb=\dimen143
\pgf@yb=\dimen144
\pgf@xc=\dimen145
\pgf@yc=\dimen146
\w@pgf@writea=\write3
\r@pgf@reada=\read1
\c@pgf@counta=\count117
\c@pgf@countb=\count118
\c@pgf@countc=\count119
\c@pgf@countd=\count120
\t@pgf@toka=\toks26
\t@pgf@tokb=\toks27
\t@pgf@tokc=\toks28
 ("C:\Program Files\MiKTeX 2.9\tex\generic\pgf\systemlayer\pgf.cfg"
File: pgf.cfg 2008/05/14  (rcs-revision 1.7)
)
Driver file for pgf: pgfsys-pdftex.def

("C:\Program Files\MiKTeX 2.9\tex\generic\pgf\systemlayer\pgfsys-pdftex.def"
File: pgfsys-pdftex.def 2014/10/11  (rcs-revision 1.35)

("C:\Program Files\MiKTeX 2.9\tex\generic\pgf\systemlayer\pgfsys-common-pdf.def
"
File: pgfsys-common-pdf.def 2013/10/10  (rcs-revision 1.13)
)))
("C:\Program Files\MiKTeX 2.9\tex\generic\pgf\systemlayer\pgfsyssoftpath.code.t
ex"
File: pgfsyssoftpath.code.tex 2013/09/09  (rcs-revision 1.9)
\pgfsyssoftpath@smallbuffer@items=\count121
\pgfsyssoftpath@bigbuffer@items=\count122
)
("C:\Program Files\MiKTeX 2.9\tex\generic\pgf\systemlayer\pgfsysprotocol.code.t
ex"
File: pgfsysprotocol.code.tex 2006/10/16  (rcs-revision 1.4)
)) ("C:\Program Files\MiKTeX 2.9\tex\generic\pgf\basiclayer\pgfcore.code.tex"
Package: pgfcore 2010/04/11 v3.0.1a (rcs-revision 1.7)
 ("C:\Program Files\MiKTeX 2.9\tex\generic\pgf\math\pgfmath.code.tex"
("C:\Program Files\MiKTeX 2.9\tex\generic\pgf\math\pgfmathcalc.code.tex"
("C:\Program Files\MiKTeX 2.9\tex\generic\pgf\math\pgfmathutil.code.tex")
("C:\Program Files\MiKTeX 2.9\tex\generic\pgf\math\pgfmathparser.code.tex"
\pgfmath@dimen=\dimen147
\pgfmath@count=\count123
\pgfmath@box=\box29
\pgfmath@toks=\toks29
\pgfmath@stack@operand=\toks30
\pgfmath@stack@operation=\toks31
)
("C:\Program Files\MiKTeX 2.9\tex\generic\pgf\math\pgfmathfunctions.code.tex"
("C:\Program Files\MiKTeX 2.9\tex\generic\pgf\math\pgfmathfunctions.basic.code.
tex")
("C:\Program Files\MiKTeX 2.9\tex\generic\pgf\math\pgfmathfunctions.trigonometr
ic.code.tex")
("C:\Program Files\MiKTeX 2.9\tex\generic\pgf\math\pgfmathfunctions.random.code
.tex")
("C:\Program Files\MiKTeX 2.9\tex\generic\pgf\math\pgfmathfunctions.comparison.
code.tex")
("C:\Program Files\MiKTeX 2.9\tex\generic\pgf\math\pgfmathfunctions.base.code.t
ex")
("C:\Program Files\MiKTeX 2.9\tex\generic\pgf\math\pgfmathfunctions.round.code.
tex")
("C:\Program Files\MiKTeX 2.9\tex\generic\pgf\math\pgfmathfunctions.misc.code.t
ex")
("C:\Program Files\MiKTeX 2.9\tex\generic\pgf\math\pgfmathfunctions.integerarit
hmetics.code.tex")))
("C:\Program Files\MiKTeX 2.9\tex\generic\pgf\math\pgfmathfloat.code.tex"
\c@pgfmathroundto@lastzeros=\count124
))
("C:\Program Files\MiKTeX 2.9\tex\generic\pgf\basiclayer\pgfcorepoints.code.tex
"
File: pgfcorepoints.code.tex 2013/10/07  (rcs-revision 1.27)
\pgf@picminx=\dimen148
\pgf@picmaxx=\dimen149
\pgf@picminy=\dimen150
\pgf@picmaxy=\dimen151
\pgf@pathminx=\dimen152
\pgf@pathmaxx=\dimen153
\pgf@pathminy=\dimen154
\pgf@pathmaxy=\dimen155
\pgf@xx=\dimen156
\pgf@xy=\dimen157
\pgf@yx=\dimen158
\pgf@yy=\dimen159
\pgf@zx=\dimen160
\pgf@zy=\dimen161
)
("C:\Program Files\MiKTeX 2.9\tex\generic\pgf\basiclayer\pgfcorepathconstruct.c
ode.tex"
File: pgfcorepathconstruct.code.tex 2013/10/07  (rcs-revision 1.29)
\pgf@path@lastx=\dimen162
\pgf@path@lasty=\dimen163
)
("C:\Program Files\MiKTeX 2.9\tex\generic\pgf\basiclayer\pgfcorepathusage.code.
tex"
File: pgfcorepathusage.code.tex 2014/11/02  (rcs-revision 1.24)
\pgf@shorten@end@additional=\dimen164
\pgf@shorten@start@additional=\dimen165
)
("C:\Program Files\MiKTeX 2.9\tex\generic\pgf\basiclayer\pgfcorescopes.code.tex
"
File: pgfcorescopes.code.tex 2015/05/08  (rcs-revision 1.46)
\pgfpic=\box30
\pgf@hbox=\box31
\pgf@layerbox@main=\box32
\pgf@picture@serial@count=\count125
)
("C:\Program Files\MiKTeX 2.9\tex\generic\pgf\basiclayer\pgfcoregraphicstate.co
de.tex"
File: pgfcoregraphicstate.code.tex 2014/11/02  (rcs-revision 1.12)
\pgflinewidth=\dimen166
)
("C:\Program Files\MiKTeX 2.9\tex\generic\pgf\basiclayer\pgfcoretransformations
.code.tex"
File: pgfcoretransformations.code.tex 2015/08/07  (rcs-revision 1.20)
\pgf@pt@x=\dimen167
\pgf@pt@y=\dimen168
\pgf@pt@temp=\dimen169
)
("C:\Program Files\MiKTeX 2.9\tex\generic\pgf\basiclayer\pgfcorequick.code.tex"
File: pgfcorequick.code.tex 2008/10/09  (rcs-revision 1.3)
)
("C:\Program Files\MiKTeX 2.9\tex\generic\pgf\basiclayer\pgfcoreobjects.code.te
x"
File: pgfcoreobjects.code.tex 2006/10/11  (rcs-revision 1.2)
)
("C:\Program Files\MiKTeX 2.9\tex\generic\pgf\basiclayer\pgfcorepathprocessing.
code.tex"
File: pgfcorepathprocessing.code.tex 2013/09/09  (rcs-revision 1.9)
)
("C:\Program Files\MiKTeX 2.9\tex\generic\pgf\basiclayer\pgfcorearrows.code.tex
"
File: pgfcorearrows.code.tex 2015/05/14  (rcs-revision 1.43)
\pgfarrowsep=\dimen170
)
("C:\Program Files\MiKTeX 2.9\tex\generic\pgf\basiclayer\pgfcoreshade.code.tex"
File: pgfcoreshade.code.tex 2013/07/15  (rcs-revision 1.15)
\pgf@max=\dimen171
\pgf@sys@shading@range@num=\count126
) ("C:\Program Files\MiKTeX 2.9\tex\generic\pgf\basiclayer\pgfcoreimage.code.te
x"
File: pgfcoreimage.code.tex 2013/07/15  (rcs-revision 1.18)

("C:\Program Files\MiKTeX 2.9\tex\generic\pgf\basiclayer\pgfcoreexternal.code.t
ex"
File: pgfcoreexternal.code.tex 2014/07/09  (rcs-revision 1.21)
\pgfexternal@startupbox=\box33
))
("C:\Program Files\MiKTeX 2.9\tex\generic\pgf\basiclayer\pgfcorelayers.code.tex
"
File: pgfcorelayers.code.tex 2013/07/18  (rcs-revision 1.7)
)
("C:\Program Files\MiKTeX 2.9\tex\generic\pgf\basiclayer\pgfcoretransparency.co
de.tex"
File: pgfcoretransparency.code.tex 2013/09/30  (rcs-revision 1.5)
)
("C:\Program Files\MiKTeX 2.9\tex\generic\pgf\basiclayer\pgfcorepatterns.code.t
ex"
File: pgfcorepatterns.code.tex 2013/11/07  (rcs-revision 1.5)
)))
("C:\Program Files\MiKTeX 2.9\tex\generic\pgf\modules\pgfmoduleshapes.code.tex"
File: pgfmoduleshapes.code.tex 2014/03/21  (rcs-revision 1.35)
\pgfnodeparttextbox=\box34
) ("C:\Program Files\MiKTeX 2.9\tex\generic\pgf\modules\pgfmoduleplot.code.tex"
File: pgfmoduleplot.code.tex 2015/08/03  (rcs-revision 1.13)
)
("C:\Program Files\MiKTeX 2.9\tex\latex\pgf\compatibility\pgfcomp-version-0-65.
sty"
Package: pgfcomp-version-0-65 2007/07/03 v3.0.1a (rcs-revision 1.7)
\pgf@nodesepstart=\dimen172
\pgf@nodesepend=\dimen173
)
("C:\Program Files\MiKTeX 2.9\tex\latex\pgf\compatibility\pgfcomp-version-1-18.
sty"
Package: pgfcomp-version-1-18 2007/07/23 v3.0.1a (rcs-revision 1.1)
)) ("C:\Program Files\MiKTeX 2.9\tex\latex\pgf\utilities\pgffor.sty"
("C:\Program Files\MiKTeX 2.9\tex\latex\pgf\utilities\pgfkeys.sty"
("C:\Program Files\MiKTeX 2.9\tex\generic\pgf\utilities\pgfkeys.code.tex"))
("C:\Program Files\MiKTeX 2.9\tex\latex\pgf\math\pgfmath.sty"
("C:\Program Files\MiKTeX 2.9\tex\generic\pgf\math\pgfmath.code.tex"))
("C:\Program Files\MiKTeX 2.9\tex\generic\pgf\utilities\pgffor.code.tex"
Package: pgffor 2013/12/13 v3.0.1a (rcs-revision 1.25)

("C:\Program Files\MiKTeX 2.9\tex\generic\pgf\math\pgfmath.code.tex")
\pgffor@iter=\dimen174
\pgffor@skip=\dimen175
\pgffor@stack=\toks32
\pgffor@toks=\toks33
))
("C:\Program Files\MiKTeX 2.9\tex\generic\pgf\frontendlayer\tikz\tikz.code.tex"
Package: tikz 2015/08/07 v3.0.1a (rcs-revision 1.151)

("C:\Program Files\MiKTeX 2.9\tex\generic\pgf\libraries\pgflibraryplothandlers.
code.tex"
File: pgflibraryplothandlers.code.tex 2013/08/31 v3.0.1a (rcs-revision 1.20)
\pgf@plot@mark@count=\count127
\pgfplotmarksize=\dimen176
)
\tikz@lastx=\dimen177
\tikz@lasty=\dimen178
\tikz@lastxsaved=\dimen179
\tikz@lastysaved=\dimen180
\tikzleveldistance=\dimen181
\tikzsiblingdistance=\dimen182
\tikz@figbox=\box35
\tikz@figbox@bg=\box36
\tikz@tempbox=\box37
\tikz@tempbox@bg=\box38
\tikztreelevel=\count128
\tikznumberofchildren=\count129
\tikznumberofcurrentchild=\count130
\tikz@fig@count=\count131

("C:\Program Files\MiKTeX 2.9\tex\generic\pgf\modules\pgfmodulematrix.code.tex"
File: pgfmodulematrix.code.tex 2013/09/17  (rcs-revision 1.8)
\pgfmatrixcurrentrow=\count132
\pgfmatrixcurrentcolumn=\count133
\pgf@matrix@numberofcolumns=\count134
)
\tikz@expandcount=\count135

("C:\Program Files\MiKTeX 2.9\tex\generic\pgf\frontendlayer\tikz\libraries\tikz
librarytopaths.code.tex"
File: tikzlibrarytopaths.code.tex 2008/06/17 v3.0.1a (rcs-revision 1.2)
)))
("C:\Program Files\MiKTeX 2.9\tex\generic\pgf\frontendlayer\tikz\libraries\tikz
libraryarrows.code.tex"
File: tikzlibraryarrows.code.tex 2008/01/09 v3.0.1a (rcs-revision 1.1)

("C:\Program Files\MiKTeX 2.9\tex\generic\pgf\libraries\pgflibraryarrows.code.t
ex"
File: pgflibraryarrows.code.tex 2013/09/23 v3.0.1a (rcs-revision 1.16)
\arrowsize=\dimen183
))
("C:\Program Files\MiKTeX 2.9\tex\generic\pgf\frontendlayer\tikz\libraries\tikz
libraryshapes.code.tex"
File: tikzlibraryshapes.code.tex 2008/01/09 v3.0.1a (rcs-revision 1.1)

("C:\Program Files\MiKTeX 2.9\tex\generic\pgf\frontendlayer\tikz\libraries\tikz
libraryshapes.geometric.code.tex"
File: tikzlibraryshapes.geometric.code.tex 2008/01/09 v3.0.1a (rcs-revision 1.1
)

("C:\Program Files\MiKTeX 2.9\tex\generic\pgf\libraries\shapes\pgflibraryshapes
.geometric.code.tex"
File: pgflibraryshapes.geometric.code.tex 2008/06/26 v3.0.1a (rcs-revision 1.1)

))
("C:\Program Files\MiKTeX 2.9\tex\generic\pgf\frontendlayer\tikz\libraries\tikz
libraryshapes.misc.code.tex"
File: tikzlibraryshapes.misc.code.tex 2008/01/09 v3.0.1a (rcs-revision 1.1)

("C:\Program Files\MiKTeX 2.9\tex\generic\pgf\libraries\shapes\pgflibraryshapes
.misc.code.tex"
File: pgflibraryshapes.misc.code.tex 2013/07/18 v3.0.1a (rcs-revision 1.5)
))
("C:\Program Files\MiKTeX 2.9\tex\generic\pgf\frontendlayer\tikz\libraries\tikz
libraryshapes.symbols.code.tex"
File: tikzlibraryshapes.symbols.code.tex 2008/01/09 v3.0.1a (rcs-revision 1.1)

("C:\Program Files\MiKTeX 2.9\tex\generic\pgf\libraries\shapes\pgflibraryshapes
.symbols.code.tex"
File: pgflibraryshapes.symbols.code.tex 2013/09/11 v3.0.1a (rcs-revision 1.6)
))
("C:\Program Files\MiKTeX 2.9\tex\generic\pgf\frontendlayer\tikz\libraries\tikz
libraryshapes.arrows.code.tex"
File: tikzlibraryshapes.arrows.code.tex 2008/01/09 v3.0.1a (rcs-revision 1.1)

("C:\Program Files\MiKTeX 2.9\tex\generic\pgf\libraries\shapes\pgflibraryshapes
.arrows.code.tex"
File: pgflibraryshapes.arrows.code.tex 2008/06/26 v3.0.1a (rcs-revision 1.1)
))
("C:\Program Files\MiKTeX 2.9\tex\generic\pgf\frontendlayer\tikz\libraries\tikz
libraryshapes.callouts.code.tex"
("C:\Program Files\MiKTeX 2.9\tex\generic\pgf\libraries\shapes\pgflibraryshapes
.callouts.code.tex"))
("C:\Program Files\MiKTeX 2.9\tex\generic\pgf\frontendlayer\tikz\libraries\tikz
libraryshapes.multipart.code.tex"
File: tikzlibraryshapes.multipart.code.tex 2008/01/09 v3.0.1a (rcs-revision 1.1
)

("C:\Program Files\MiKTeX 2.9\tex\generic\pgf\libraries\shapes\pgflibraryshapes
.multipart.code.tex"
File: pgflibraryshapes.multipart.code.tex 2010/01/07 v3.0.1a (rcs-revision 1.2)

\pgfnodepartlowerbox=\box39
\pgfnodeparttwobox=\box40
\pgfnodepartthreebox=\box41
\pgfnodepartfourbox=\box42
\pgfnodeparttwentybox=\box43
\pgfnodepartnineteenbox=\box44
\pgfnodeparteighteenbox=\box45
\pgfnodepartseventeenbox=\box46
\pgfnodepartsixteenbox=\box47
\pgfnodepartfifteenbox=\box48
\pgfnodepartfourteenbox=\box49
\pgfnodepartthirteenbox=\box50
\pgfnodeparttwelvebox=\box51
\pgfnodepartelevenbox=\box52
\pgfnodeparttenbox=\box53
\pgfnodepartninebox=\box54
\pgfnodeparteightbox=\box55
\pgfnodepartsevenbox=\box56
\pgfnodepartsixbox=\box57
\pgfnodepartfivebox=\box58
)))
("C:\Program Files\MiKTeX 2.9\tex\generic\pgf\frontendlayer\tikz\libraries\tikz
librarypositioning.code.tex"
File: tikzlibrarypositioning.code.tex 2008/10/06 v3.0.1a (rcs-revision 1.7)
)
("C:\Program Files\MiKTeX 2.9\tex\generic\pgf\frontendlayer\tikz\libraries\tikz
librarycalc.code.tex"
File: tikzlibrarycalc.code.tex 2013/07/15 v3.0.1a (rcs-revision 1.9)
) ("C:\Program Files\MiKTeX 2.9\tex\latex\arev\arev.sty"
Package: arev 2005/06/14 0.1 Arev Sans package

("C:\Program Files\MiKTeX 2.9\tex\latex\arev\arevtext.sty"
Package: arevtext 2005/09/01 0.1 Arev Sans Text package

("C:\Program Files\MiKTeX 2.9\tex\latex\base\fontenc.sty"
Package: fontenc 2005/09/27 v1.99g Standard LaTeX package

("C:\Program Files\MiKTeX 2.9\tex\latex\base\t1enc.def"
File: t1enc.def 2005/09/27 v1.99g Standard LaTeX file
LaTeX Font Info:    Redeclaring font encoding T1 on input line 43.
))
("C:\Program Files\MiKTeX 2.9\tex\latex\base\textcomp.sty"
Package: textcomp 2005/09/27 v1.99g Standard LaTeX package
Package textcomp Info: Sub-encoding information:
(textcomp)               5 = only ISO-Adobe without \textcurrency
(textcomp)               4 = 5 + \texteuro
(textcomp)               3 = 4 + \textohm
(textcomp)               2 = 3 + \textestimated + \textcurrency
(textcomp)               1 = TS1 - \textcircled - \t
(textcomp)               0 = TS1 (full)
(textcomp)             Font families with sub-encoding setting implement
(textcomp)             only a restricted character set as indicated.
(textcomp)             Family '?' is the default used for unknown fonts.
(textcomp)             See the documentation for details.
Package textcomp Info: Setting ? sub-encoding to TS1/1 on input line 71.

("C:\Program Files\MiKTeX 2.9\tex\latex\base\ts1enc.def"
File: ts1enc.def 2001/06/05 v3.0e (jk/car/fm) Standard LaTeX file
)
LaTeX Info: Redefining \oldstylenums on input line 266.
Package textcomp Info: Setting cmr sub-encoding to TS1/0 on input line 281.
Package textcomp Info: Setting cmss sub-encoding to TS1/0 on input line 282.
Package textcomp Info: Setting cmtt sub-encoding to TS1/0 on input line 283.
Package textcomp Info: Setting cmvtt sub-encoding to TS1/0 on input line 284.
Package textcomp Info: Setting cmbr sub-encoding to TS1/0 on input line 285.
Package textcomp Info: Setting cmtl sub-encoding to TS1/0 on input line 286.
Package textcomp Info: Setting ccr sub-encoding to TS1/0 on input line 287.
Package textcomp Info: Setting ptm sub-encoding to TS1/4 on input line 288.
Package textcomp Info: Setting pcr sub-encoding to TS1/4 on input line 289.
Package textcomp Info: Setting phv sub-encoding to TS1/4 on input line 290.
Package textcomp Info: Setting ppl sub-encoding to TS1/3 on input line 291.
Package textcomp Info: Setting pag sub-encoding to TS1/4 on input line 292.
Package textcomp Info: Setting pbk sub-encoding to TS1/4 on input line 293.
Package textcomp Info: Setting pnc sub-encoding to TS1/4 on input line 294.
Package textcomp Info: Setting pzc sub-encoding to TS1/4 on input line 295.
Package textcomp Info: Setting bch sub-encoding to TS1/4 on input line 296.
Package textcomp Info: Setting put sub-encoding to TS1/5 on input line 297.
Package textcomp Info: Setting uag sub-encoding to TS1/5 on input line 298.
Package textcomp Info: Setting ugq sub-encoding to TS1/5 on input line 299.
Package textcomp Info: Setting ul8 sub-encoding to TS1/4 on input line 300.
Package textcomp Info: Setting ul9 sub-encoding to TS1/4 on input line 301.
Package textcomp Info: Setting augie sub-encoding to TS1/5 on input line 302.
Package textcomp Info: Setting dayrom sub-encoding to TS1/3 on input line 303.
Package textcomp Info: Setting dayroms sub-encoding to TS1/3 on input line 304.

Package textcomp Info: Setting pxr sub-encoding to TS1/0 on input line 305.
Package textcomp Info: Setting pxss sub-encoding to TS1/0 on input line 306.
Package textcomp Info: Setting pxtt sub-encoding to TS1/0 on input line 307.
Package textcomp Info: Setting txr sub-encoding to TS1/0 on input line 308.
Package textcomp Info: Setting txss sub-encoding to TS1/0 on input line 309.
Package textcomp Info: Setting txtt sub-encoding to TS1/0 on input line 310.
Package textcomp Info: Setting lmr sub-encoding to TS1/0 on input line 311.
Package textcomp Info: Setting lmdh sub-encoding to TS1/0 on input line 312.
Package textcomp Info: Setting lmss sub-encoding to TS1/0 on input line 313.
Package textcomp Info: Setting lmssq sub-encoding to TS1/0 on input line 314.
Package textcomp Info: Setting lmvtt sub-encoding to TS1/0 on input line 315.
Package textcomp Info: Setting qhv sub-encoding to TS1/0 on input line 316.
Package textcomp Info: Setting qag sub-encoding to TS1/0 on input line 317.
Package textcomp Info: Setting qbk sub-encoding to TS1/0 on input line 318.
Package textcomp Info: Setting qcr sub-encoding to TS1/0 on input line 319.
Package textcomp Info: Setting qcs sub-encoding to TS1/0 on input line 320.
Package textcomp Info: Setting qpl sub-encoding to TS1/0 on input line 321.
Package textcomp Info: Setting qtm sub-encoding to TS1/0 on input line 322.
Package textcomp Info: Setting qzc sub-encoding to TS1/0 on input line 323.
Package textcomp Info: Setting qhvc sub-encoding to TS1/0 on input line 324.
Package textcomp Info: Setting futs sub-encoding to TS1/4 on input line 325.
Package textcomp Info: Setting futx sub-encoding to TS1/4 on input line 326.
Package textcomp Info: Setting futj sub-encoding to TS1/4 on input line 327.
Package textcomp Info: Setting hlh sub-encoding to TS1/3 on input line 328.
Package textcomp Info: Setting hls sub-encoding to TS1/3 on input line 329.
Package textcomp Info: Setting hlst sub-encoding to TS1/3 on input line 330.
Package textcomp Info: Setting hlct sub-encoding to TS1/5 on input line 331.
Package textcomp Info: Setting hlx sub-encoding to TS1/5 on input line 332.
Package textcomp Info: Setting hlce sub-encoding to TS1/5 on input line 333.
Package textcomp Info: Setting hlcn sub-encoding to TS1/5 on input line 334.
Package textcomp Info: Setting hlcw sub-encoding to TS1/5 on input line 335.
Package textcomp Info: Setting hlcf sub-encoding to TS1/5 on input line 336.
Package textcomp Info: Setting pplx sub-encoding to TS1/3 on input line 337.
Package textcomp Info: Setting pplj sub-encoding to TS1/3 on input line 338.
Package textcomp Info: Setting ptmx sub-encoding to TS1/4 on input line 339.
Package textcomp Info: Setting ptmj sub-encoding to TS1/4 on input line 340.
))
("C:\Program Files\MiKTeX 2.9\tex\latex\arev\arevmath.sty"
Package: arevmath 2006/02/19 0.1 Arev Sans Math package

("C:\Program Files\MiKTeX 2.9\tex\latex\arev\ams-mdbch.sty"
Package: ams-mdbch 2005/05/08 v1.4 Bold mdbch (Math Design Project) to replace 
AMS fonts
\symmathdesignA=\mathgroup6
LaTeX Font Info:    Overwriting symbol font `mathdesignA' in version `bold'
(Font)                  MDA/mdbch/b/n --> MDA/mdbch/b/n on input line 47.
LaTeX Font Info:    Overwriting encoding scheme math defaults on input line 52.

LaTeX Info: Redefining \bold on input line 64.
LaTeX Font Info:    Redeclaring math delimiter \ulcorner on input line 82.
LaTeX Font Info:    Redeclaring math delimiter \urcorner on input line 83.
LaTeX Font Info:    Redeclaring math delimiter \llcorner on input line 84.
LaTeX Font Info:    Redeclaring math delimiter \lrcorner on input line 85.
LaTeX Font Info:    Redeclaring math accent \widetilde on input line 86.
LaTeX Font Info:    Redeclaring math accent \widehat on input line 87.
LaTeX Font Info:    Redeclaring math symbol \dabar@ on input line 88.
LaTeX Font Info:    Redeclaring math symbol \lvertneqq on input line 96.
LaTeX Font Info:    Redeclaring math symbol \gvertneqq on input line 97.
LaTeX Font Info:    Redeclaring math symbol \nleq on input line 98.
LaTeX Font Info:    Redeclaring math symbol \ngeq on input line 99.
LaTeX Font Info:    Redeclaring math symbol \nless on input line 100.
LaTeX Font Info:    Redeclaring math symbol \ngtr on input line 101.
LaTeX Font Info:    Redeclaring math symbol \nprec on input line 102.
LaTeX Font Info:    Redeclaring math symbol \nsucc on input line 103.
LaTeX Font Info:    Redeclaring math symbol \lneqq on input line 104.
LaTeX Font Info:    Redeclaring math symbol \gneqq on input line 105.
LaTeX Font Info:    Redeclaring math symbol \nleqslant on input line 106.
LaTeX Font Info:    Redeclaring math symbol \ngeqslant on input line 107.
LaTeX Font Info:    Redeclaring math symbol \lneq on input line 108.
LaTeX Font Info:    Redeclaring math symbol \gneq on input line 109.
LaTeX Font Info:    Redeclaring math symbol \npreceq on input line 110.
LaTeX Font Info:    Redeclaring math symbol \nsucceq on input line 111.
LaTeX Font Info:    Redeclaring math symbol \precnsim on input line 112.
LaTeX Font Info:    Redeclaring math symbol \succnsim on input line 113.
LaTeX Font Info:    Redeclaring math symbol \lnsim on input line 114.
LaTeX Font Info:    Redeclaring math symbol \gnsim on input line 115.
LaTeX Font Info:    Redeclaring math symbol \nleqq on input line 116.
LaTeX Font Info:    Redeclaring math symbol \ngeqq on input line 117.
LaTeX Font Info:    Redeclaring math symbol \precneqq on input line 118.
LaTeX Font Info:    Redeclaring math symbol \succneqq on input line 119.
LaTeX Font Info:    Redeclaring math symbol \precnapprox on input line 120.
LaTeX Font Info:    Redeclaring math symbol \succnapprox on input line 121.
LaTeX Font Info:    Redeclaring math symbol \lnapprox on input line 122.
LaTeX Font Info:    Redeclaring math symbol \gnapprox on input line 123.
LaTeX Font Info:    Redeclaring math symbol \nsim on input line 124.
LaTeX Font Info:    Redeclaring math symbol \ncong on input line 125.
LaTeX Font Info:    Redeclaring math symbol \diagup on input line 126.
LaTeX Font Info:    Redeclaring math symbol \diagdown on input line 127.
LaTeX Font Info:    Redeclaring math symbol \varsubsetneq on input line 128.
LaTeX Font Info:    Redeclaring math symbol \varsupsetneq on input line 129.
LaTeX Font Info:    Redeclaring math symbol \nsubseteqq on input line 130.
LaTeX Font Info:    Redeclaring math symbol \nsupseteqq on input line 131.
LaTeX Font Info:    Redeclaring math symbol \subsetneqq on input line 132.
LaTeX Font Info:    Redeclaring math symbol \supsetneqq on input line 133.
LaTeX Font Info:    Redeclaring math symbol \varsubsetneqq on input line 134.
LaTeX Font Info:    Redeclaring math symbol \varsupsetneqq on input line 135.
LaTeX Font Info:    Redeclaring math symbol \subsetneq on input line 136.
LaTeX Font Info:    Redeclaring math symbol \supsetneq on input line 137.
LaTeX Font Info:    Redeclaring math symbol \nsubseteq on input line 138.
LaTeX Font Info:    Redeclaring math symbol \nsupseteq on input line 139.
LaTeX Font Info:    Redeclaring math symbol \nparallel on input line 140.
LaTeX Font Info:    Redeclaring math symbol \nmid on input line 141.
LaTeX Font Info:    Redeclaring math symbol \nshortmid on input line 142.
LaTeX Font Info:    Redeclaring math symbol \nshortparallel on input line 143.
LaTeX Font Info:    Redeclaring math symbol \nvdash on input line 144.
LaTeX Font Info:    Redeclaring math symbol \nVdash on input line 145.
LaTeX Font Info:    Redeclaring math symbol \nvDash on input line 146.
LaTeX Font Info:    Redeclaring math symbol \nVDash on input line 147.
LaTeX Font Info:    Redeclaring math symbol \ntrianglerighteq on input line 148
.
LaTeX Font Info:    Redeclaring math symbol \ntrianglelefteq on input line 149.

LaTeX Font Info:    Redeclaring math symbol \ntriangleleft on input line 150.
LaTeX Font Info:    Redeclaring math symbol \ntriangleright on input line 151.
LaTeX Font Info:    Redeclaring math symbol \nleftarrow on input line 152.
LaTeX Font Info:    Redeclaring math symbol \nrightarrow on input line 153.
LaTeX Font Info:    Redeclaring math symbol \nLeftarrow on input line 154.
LaTeX Font Info:    Redeclaring math symbol \nRightarrow on input line 155.
LaTeX Font Info:    Redeclaring math symbol \nLeftrightarrow on input line 156.

LaTeX Font Info:    Redeclaring math symbol \nleftrightarrow on input line 157.

LaTeX Font Info:    Redeclaring math symbol \divideontimes on input line 158.
LaTeX Font Info:    Redeclaring math symbol \varnothing on input line 159.
LaTeX Font Info:    Redeclaring math symbol \nexists on input line 160.
LaTeX Font Info:    Redeclaring math symbol \Join on input line 161.
LaTeX Font Info:    Redeclaring math symbol \Finv on input line 165.
LaTeX Font Info:    Redeclaring math symbol \Game on input line 166.
LaTeX Font Info:    Redeclaring math symbol \eqsim on input line 167.
LaTeX Font Info:    Redeclaring math symbol \beth on input line 168.
LaTeX Font Info:    Redeclaring math symbol \gimel on input line 169.
LaTeX Font Info:    Redeclaring math symbol \daleth on input line 170.
LaTeX Font Info:    Redeclaring math symbol \lessdot on input line 171.
LaTeX Font Info:    Redeclaring math symbol \gtrdot on input line 172.
LaTeX Font Info:    Redeclaring math symbol \ltimes on input line 173.
LaTeX Font Info:    Redeclaring math symbol \rtimes on input line 174.
LaTeX Font Info:    Redeclaring math symbol \shortmid on input line 175.
LaTeX Font Info:    Redeclaring math symbol \shortparallel on input line 176.
LaTeX Font Info:    Redeclaring math symbol \smallsetminus on input line 177.
LaTeX Font Info:    Redeclaring math symbol \thicksim on input line 178.
LaTeX Font Info:    Redeclaring math symbol \thickapprox on input line 179.
LaTeX Font Info:    Redeclaring math symbol \approxeq on input line 180.
LaTeX Font Info:    Redeclaring math symbol \succapprox on input line 181.
LaTeX Font Info:    Redeclaring math symbol \precapprox on input line 182.
LaTeX Font Info:    Redeclaring math symbol \curvearrowleft on input line 183.
LaTeX Font Info:    Redeclaring math symbol \curvearrowright on input line 184.

LaTeX Font Info:    Redeclaring math symbol \Bbbk on input line 189.
LaTeX Font Info:    Redeclaring math symbol \backepsilon on input line 190.
LaTeX Font Info:    Redeclaring math symbol \boxdot on input line 192.
LaTeX Font Info:    Redeclaring math symbol \boxplus on input line 193.
LaTeX Font Info:    Redeclaring math symbol \boxtimes on input line 194.
LaTeX Font Info:    Redeclaring math symbol \square on input line 195.
LaTeX Font Info:    Redeclaring math symbol \blacksquare on input line 196.
LaTeX Font Info:    Redeclaring math symbol \centerdot on input line 197.
LaTeX Font Info:    Redeclaring math symbol \lozenge on input line 198.
LaTeX Font Info:    Redeclaring math symbol \blacklozenge on input line 199.
LaTeX Font Info:    Redeclaring math symbol \circlearrowright on input line 200
.
LaTeX Font Info:    Redeclaring math symbol \circlearrowleft on input line 201.

LaTeX Font Info:    Redeclaring math symbol \rightleftharpoons on input line 20
3.
LaTeX Font Info:    Redeclaring math symbol \leftrightharpoons on input line 20
4.
LaTeX Font Info:    Redeclaring math symbol \boxminus on input line 205.
LaTeX Font Info:    Redeclaring math symbol \Vdash on input line 206.
LaTeX Font Info:    Redeclaring math symbol \Vvdash on input line 207.
LaTeX Font Info:    Redeclaring math symbol \vDash on input line 208.
LaTeX Font Info:    Redeclaring math symbol \twoheadrightarrow on input line 20
9.
LaTeX Font Info:    Redeclaring math symbol \twoheadleftarrow on input line 210
.
LaTeX Font Info:    Redeclaring math symbol \leftleftarrows on input line 211.
LaTeX Font Info:    Redeclaring math symbol \rightrightarrows on input line 212
.
LaTeX Font Info:    Redeclaring math symbol \upuparrows on input line 213.
LaTeX Font Info:    Redeclaring math symbol \downdownarrows on input line 214.
LaTeX Font Info:    Redeclaring math symbol \upharpoonright on input line 215.
LaTeX Font Info:    Redeclaring math symbol \downharpoonright on input line 217
.
LaTeX Font Info:    Redeclaring math symbol \upharpoonleft on input line 218.
LaTeX Font Info:    Redeclaring math symbol \downharpoonleft on input line 219.

LaTeX Font Info:    Redeclaring math symbol \rightarrowtail on input line 220.
LaTeX Font Info:    Redeclaring math symbol \leftarrowtail on input line 221.
LaTeX Font Info:    Redeclaring math symbol \leftrightarrows on input line 222.

LaTeX Font Info:    Redeclaring math symbol \rightleftarrows on input line 223.

LaTeX Font Info:    Redeclaring math symbol \Lsh on input line 224.
LaTeX Font Info:    Redeclaring math symbol \Rsh on input line 225.
LaTeX Font Info:    Redeclaring math symbol \rightsquigarrow on input line 226.

LaTeX Font Info:    Redeclaring math symbol \leftrightsquigarrow on input line 
227.
LaTeX Font Info:    Redeclaring math symbol \looparrowleft on input line 228.
LaTeX Font Info:    Redeclaring math symbol \looparrowright on input line 229.
LaTeX Font Info:    Redeclaring math symbol \circeq on input line 230.
LaTeX Font Info:    Redeclaring math symbol \succsim on input line 231.
LaTeX Font Info:    Redeclaring math symbol \gtrsim on input line 232.
LaTeX Font Info:    Redeclaring math symbol \gtrapprox on input line 233.
LaTeX Font Info:    Redeclaring math symbol \multimap on input line 234.
LaTeX Font Info:    Redeclaring math symbol \therefore on input line 235.
LaTeX Font Info:    Redeclaring math symbol \because on input line 236.
LaTeX Font Info:    Redeclaring math symbol \doteqdot on input line 237.
LaTeX Font Info:    Redeclaring math symbol \triangleq on input line 239.
LaTeX Font Info:    Redeclaring math symbol \precsim on input line 240.
LaTeX Font Info:    Redeclaring math symbol \lesssim on input line 241.
LaTeX Font Info:    Redeclaring math symbol \lessapprox on input line 242.
LaTeX Font Info:    Redeclaring math symbol \eqslantless on input line 243.
LaTeX Font Info:    Redeclaring math symbol \eqslantgtr on input line 244.
LaTeX Font Info:    Redeclaring math symbol \curlyeqprec on input line 245.
LaTeX Font Info:    Redeclaring math symbol \curlyeqsucc on input line 246.
LaTeX Font Info:    Redeclaring math symbol \preccurlyeq on input line 247.
LaTeX Font Info:    Redeclaring math symbol \leqq on input line 248.
LaTeX Font Info:    Redeclaring math symbol \leqslant on input line 249.
LaTeX Font Info:    Redeclaring math symbol \lessgtr on input line 250.
LaTeX Font Info:    Redeclaring math symbol \backprime on input line 251.
LaTeX Font Info:    Redeclaring math symbol \risingdotseq on input line 252.
LaTeX Font Info:    Redeclaring math symbol \fallingdotseq on input line 253.
LaTeX Font Info:    Redeclaring math symbol \succcurlyeq on input line 254.
LaTeX Font Info:    Redeclaring math symbol \geqq on input line 255.
LaTeX Font Info:    Redeclaring math symbol \geqslant on input line 256.
LaTeX Font Info:    Redeclaring math symbol \gtrless on input line 257.
LaTeX Font Info:    Redeclaring math symbol \sqsubset on input line 258.
LaTeX Font Info:    Redeclaring math symbol \sqsupset on input line 259.
LaTeX Font Info:    Redeclaring math symbol \vartriangleright on input line 260
.
LaTeX Font Info:    Redeclaring math symbol \vartriangleleft on input line 261.

LaTeX Font Info:    Redeclaring math symbol \trianglerighteq on input line 262.

LaTeX Font Info:    Redeclaring math symbol \trianglelefteq on input line 263.
LaTeX Font Info:    Redeclaring math symbol \bigstar on input line 264.
LaTeX Font Info:    Redeclaring math symbol \between on input line 265.
LaTeX Font Info:    Redeclaring math symbol \blacktriangledown on input line 26
6.
LaTeX Font Info:    Redeclaring math symbol \blacktriangleright on input line 2
67.
LaTeX Font Info:    Redeclaring math symbol \blacktriangleleft on input line 26
8.
LaTeX Font Info:    Redeclaring math symbol \vartriangle on input line 269.
LaTeX Font Info:    Redeclaring math symbol \blacktriangle on input line 270.
LaTeX Font Info:    Redeclaring math symbol \triangledown on input line 271.
LaTeX Font Info:    Redeclaring math symbol \eqcirc on input line 272.
LaTeX Font Info:    Redeclaring math symbol \lesseqgtr on input line 273.
LaTeX Font Info:    Redeclaring math symbol \gtreqless on input line 274.
LaTeX Font Info:    Redeclaring math symbol \lesseqqgtr on input line 275.
LaTeX Font Info:    Redeclaring math symbol \gtreqqless on input line 276.
LaTeX Font Info:    Redeclaring math symbol \Rrightarrow on input line 277.
LaTeX Font Info:    Redeclaring math symbol \Lleftarrow on input line 278.
LaTeX Font Info:    Redeclaring math symbol \veebar on input line 279.
LaTeX Font Info:    Redeclaring math symbol \barwedge on input line 280.
LaTeX Font Info:    Redeclaring math symbol \doublebarwedge on input line 281.
LaTeX Font Info:    Redeclaring math symbol \angle on input line 282.
LaTeX Font Info:    Redeclaring math symbol \measuredangle on input line 283.
LaTeX Font Info:    Redeclaring math symbol \sphericalangle on input line 284.
LaTeX Font Info:    Redeclaring math symbol \varpropto on input line 285.
LaTeX Font Info:    Redeclaring math symbol \smallsmile on input line 286.
LaTeX Font Info:    Redeclaring math symbol \smallfrown on input line 287.
LaTeX Font Info:    Redeclaring math symbol \Subset on input line 288.
LaTeX Font Info:    Redeclaring math symbol \Supset on input line 289.
LaTeX Font Info:    Redeclaring math symbol \Cup on input line 290.
LaTeX Font Info:    Redeclaring math symbol \Cap on input line 292.
LaTeX Font Info:    Redeclaring math symbol \curlywedge on input line 294.
LaTeX Font Info:    Redeclaring math symbol \curlyvee on input line 295.
LaTeX Font Info:    Redeclaring math symbol \leftthreetimes on input line 296.
LaTeX Font Info:    Redeclaring math symbol \rightthreetimes on input line 297.

LaTeX Font Info:    Redeclaring math symbol \subseteqq on input line 298.
LaTeX Font Info:    Redeclaring math symbol \supseteqq on input line 299.
LaTeX Font Info:    Redeclaring math symbol \bumpeq on input line 300.
LaTeX Font Info:    Redeclaring math symbol \Bumpeq on input line 301.
LaTeX Font Info:    Redeclaring math symbol \lll on input line 302.
LaTeX Font Info:    Redeclaring math symbol \ggg on input line 304.
LaTeX Font Info:    Redeclaring math symbol \circledS on input line 306.
LaTeX Font Info:    Redeclaring math symbol \pitchfork on input line 307.
LaTeX Font Info:    Redeclaring math symbol \dotplus on input line 308.
LaTeX Font Info:    Redeclaring math symbol \backsim on input line 309.
LaTeX Font Info:    Redeclaring math symbol \backsimeq on input line 310.
LaTeX Font Info:    Redeclaring math symbol \complement on input line 311.
LaTeX Font Info:    Redeclaring math symbol \intercal on input line 312.
LaTeX Font Info:    Redeclaring math symbol \circledcirc on input line 313.
LaTeX Font Info:    Redeclaring math symbol \circledast on input line 314.
LaTeX Font Info:    Redeclaring math symbol \circleddash on input line 315.
)
("C:\Program Files\MiKTeX 2.9\tex\latex\base\ifthen.sty"
Package: ifthen 2001/05/26 v1.1c Standard LaTeX ifthen package (DPC)
)
LaTeX Font Info:    Overwriting symbol font `operators' in version `normal'
(Font)                  OT1/cmr/m/n --> OT1/zavm/m/n on input line 71.
LaTeX Font Info:    Overwriting symbol font `letters' in version `normal'
(Font)                  OML/cmm/m/it --> OML/zavm/m/it on input line 72.
LaTeX Font Info:    Overwriting symbol font `symbols' in version `normal'
(Font)                  OMS/cmsy/m/n --> OMS/zavm/m/n on input line 73.
LaTeX Font Info:    Overwriting symbol font `largesymbols' in version `normal'
(Font)                  OMX/cmex/m/n --> OMX/mdbch/m/n on input line 74.
LaTeX Font Info:    Overwriting math alphabet `\mathbf' in version `normal'
(Font)                  OT1/cmr/bx/n --> OT1/zavm/b/n on input line 81.
LaTeX Font Info:    Overwriting math alphabet `\mathtt' in version `normal'
(Font)                  OT1/cmtt/m/n --> T1/fvm/m/n on input line 82.
LaTeX Font Info:    Redeclaring math alphabet \mathcal on input line 85.
LaTeX Font Info:    Redeclaring math alphabet \mathit on input line 89.
LaTeX Font Info:    Redeclaring math alphabet \mathsf on input line 91.
LaTeX Font Info:    Redeclaring math alphabet \mathbb on input line 105.
LaTeX Font Info:    Overwriting symbol font `operators' in version `bold'
(Font)                  OT1/cmr/bx/n --> OT1/zavm/b/n on input line 112.
LaTeX Font Info:    Overwriting symbol font `letters' in version `bold'
(Font)                  OML/cmm/b/it --> OML/zavm/b/it on input line 113.
LaTeX Font Info:    Overwriting symbol font `symbols' in version `bold'
(Font)                  OMS/cmsy/b/n --> OMS/zavm/b/n on input line 114.
LaTeX Font Info:    Overwriting symbol font `largesymbols' in version `bold'
(Font)                  OMX/cmex/m/n --> OMX/mdbch/b/n on input line 115.
LaTeX Font Info:    Overwriting math alphabet `\mathbf' in version `bold'
(Font)                  OT1/cmr/bx/n --> OT1/zavm/b/n on input line 118.
LaTeX Font Info:    Overwriting math alphabet `\mathtt' in version `bold'
(Font)                  OT1/cmtt/m/n --> T1/fvm/b/n on input line 119.
LaTeX Font Info:    Redeclaring math accent \widetilde on input line 123.
LaTeX Font Info:    Redeclaring math accent \widehat on input line 124.
\symextraup=\mathgroup7
\symextraitalic=\mathgroup8

("C:\Program Files\MiKTeX 2.9\tex\latex\arev\arevsymbols.tex"
LaTeX Font Info:    Redeclaring math symbol \hbar on input line 22.
LaTeX Font Info:    Redeclaring math symbol \hslash on input line 23.
LaTeX Font Info:    Redeclaring math symbol \digamma on input line 25.
LaTeX Font Info:    Redeclaring math symbol \varkappa on input line 26.
LaTeX Font Info:    Redeclaring math symbol \backepsilon on input line 35.
LaTeX Font Info:    Redeclaring math symbol \emptyset on input line 37.
LaTeX Font Info:    Redeclaring math symbol \eth on input line 57.
LaTeX Font Info:    Redeclaring math symbol \mho on input line 58.
)
LaTeX Font Info:    Redeclaring math symbol \varGamma on input line 181.
LaTeX Font Info:    Redeclaring math symbol \varXi on input line 182.
LaTeX Font Info:    Redeclaring math symbol \varPi on input line 183.
LaTeX Font Info:    Redeclaring math symbol \varSigma on input line 184.
LaTeX Font Info:    Redeclaring math symbol \varPhi on input line 185.
LaTeX Font Info:    Redeclaring math symbol \varnothing on input line 204.
)
("C:\Program Files\MiKTeX 2.9\tex\latex\bera\beramono.sty"
Package: beramono 2004/01/31 (WaS)
))
(C:\Dropbox\PCADSC\article\APM\Fig1.aux)
LaTeX Font Info:    Checking defaults for OML/cmm/m/it on input line 52.
LaTeX Font Info:    ... okay on input line 52.
LaTeX Font Info:    Checking defaults for T1/cmr/m/n on input line 52.
LaTeX Font Info:    ... okay on input line 52.
LaTeX Font Info:    Checking defaults for OT1/cmr/m/n on input line 52.
LaTeX Font Info:    ... okay on input line 52.
LaTeX Font Info:    Checking defaults for OMS/cmsy/m/n on input line 52.
LaTeX Font Info:    ... okay on input line 52.
LaTeX Font Info:    Checking defaults for OMX/cmex/m/n on input line 52.
LaTeX Font Info:    ... okay on input line 52.
LaTeX Font Info:    Checking defaults for U/cmr/m/n on input line 52.
LaTeX Font Info:    ... okay on input line 52.
LaTeX Font Info:    Checking defaults for PD1/pdf/m/n on input line 52.
LaTeX Font Info:    ... okay on input line 52.
LaTeX Font Info:    Checking defaults for TS1/cmr/m/n on input line 52.
LaTeX Font Info:    Try loading font information for TS1+cmr on input line 52.

("C:\Program Files\MiKTeX 2.9\tex\latex\base\ts1cmr.fd"
File: ts1cmr.fd 1999/05/25 v2.5h Standard LaTeX font definitions
)
LaTeX Font Info:    ... okay on input line 52.
LaTeX Font Info:    Checking defaults for MDA/cmr/m/n on input line 52.
LaTeX Font Info:    Try loading font information for MDA+cmr on input line 52.

("C:\Program Files\MiKTeX 2.9\tex\latex\mathdesign\mdacmr.fd"
File: mdacmr.fd 
)
LaTeX Font Info:    ... okay on input line 52.
LaTeX Font Info:    Try loading font information for T1+fav on input line 52.

("C:\Program Files\MiKTeX 2.9\tex\latex\arev\t1fav.fd"
File: t1fav.fd 2006/05/30 Fontinst v1.929 font definitions for T1/fav.
)
("C:\Program Files\MiKTeX 2.9\tex\context\base\supp-pdf.mkii"
[Loading MPS to PDF converter (version 2006.09.02).]
\scratchcounter=\count136
\scratchdimen=\dimen184
\scratchbox=\box59
\nofMPsegments=\count137
\nofMParguments=\count138
\everyMPshowfont=\toks34
\MPscratchCnt=\count139
\MPscratchDim=\dimen185
\MPnumerator=\count140
\makeMPintoPDFobject=\count141
\everyMPtoPDFconversion=\toks35
)
\AtBeginShipoutBox=\box60
Package hyperref Info: Link coloring OFF on input line 52.
 ("C:\Program Files\MiKTeX 2.9\tex\latex\hyperref\nameref.sty"
Package: nameref 2012/10/27 v2.43 Cross-referencing by name of section

("C:\Program Files\MiKTeX 2.9\tex\generic\oberdiek\gettitlestring.sty"
Package: gettitlestring 2010/12/03 v1.4 Cleanup title references (HO)
)
\c@section@level=\count142
)
LaTeX Info: Redefining \ref on input line 52.
LaTeX Info: Redefining \pageref on input line 52.
LaTeX Info: Redefining \nameref on input line 52.

(C:\Dropbox\PCADSC\article\APM\Fig1.out)
(C:\Dropbox\PCADSC\article\APM\Fig1.out)
\@outlinefile=\write4
Package caption Info: Begin \AtBeginDocument code.
Package caption Info: End \AtBeginDocument code.
 ABD: EveryShipout initializing macros
LaTeX Font Info:    Try loading font information for OT1+zavm on input line 61.


("C:\Program Files\MiKTeX 2.9\tex\latex\arev\ot1zavm.fd"
File: ot1zavm.fd 2006/05/30 Fontinst v1.929 font definitions for OT1/zavm.
)
LaTeX Font Info:    Try loading font information for OML+zavm on input line 61.


("C:\Program Files\MiKTeX 2.9\tex\latex\arev\omlzavm.fd"
File: omlzavm.fd 2006/05/30 Fontinst v1.929 font definitions for OML/zavm.
)
LaTeX Font Info:    Try loading font information for OMS+zavm on input line 61.


("C:\Program Files\MiKTeX 2.9\tex\latex\arev\omszavm.fd"
File: omszavm.fd 2006/05/30 Fontinst v1.929 font definitions for OMS/zavm.
)
LaTeX Font Info:    Try loading font information for OMX+mdbch on input line 61
.

("C:\Program Files\MiKTeX 2.9\tex\latex\mathdesign\mdbch\omxmdbch.fd"
File: omxmdbch.fd 2013/08/29 Fontinst v1.933 font definitions for OMX/mdbch.
)
LaTeX Font Info:    Font shape `OMX/mdbch/m/n' will be
(Font)              scaled to size 9.60007pt on input line 61.
LaTeX Font Info:    Font shape `OMX/mdbch/m/n' will be
(Font)              scaled to size 7.29605pt on input line 61.
LaTeX Font Info:    Font shape `OMX/mdbch/m/n' will be
(Font)              scaled to size 5.76004pt on input line 61.
LaTeX Font Info:    Try loading font information for U+msa on input line 61.

("C:\Program Files\MiKTeX 2.9\tex\latex\amsfonts\umsa.fd"
File: umsa.fd 2013/01/14 v3.01 AMS symbols A
)
LaTeX Font Info:    Try loading font information for U+msb on input line 61.

("C:\Program Files\MiKTeX 2.9\tex\latex\amsfonts\umsb.fd"
File: umsb.fd 2013/01/14 v3.01 AMS symbols B
)
LaTeX Font Info:    Try loading font information for MDA+mdbch on input line 61
.

("C:\Program Files\MiKTeX 2.9\tex\latex\mathdesign\mdbch\mdamdbch.fd"
File: mdamdbch.fd 2013/08/29 Fontinst v1.933 font definitions for MDA/mdbch.
)
LaTeX Font Info:    Font shape `MDA/mdbch/b/n' will be
(Font)              scaled to size 9.60007pt on input line 61.
LaTeX Font Info:    Font shape `MDA/mdbch/b/n' will be
(Font)              scaled to size 7.29605pt on input line 61.
LaTeX Font Info:    Font shape `MDA/mdbch/b/n' will be
(Font)              scaled to size 5.76004pt on input line 61.
LaTeX Font Info:    Try loading font information for U+zavm on input line 61.

("C:\Program Files\MiKTeX 2.9\tex\latex\arev\uzavm.fd"
File: uzavm.fd 2006/05/30 Fontinst v1.929 font definitions for U/zavm.
)
Overfull \hbox (16.18208pt too wide) in paragraph at lines 74--75
 [][] 
 []


Overfull \hbox (16.18208pt too wide) in paragraph at lines 96--97
 [][] 
 []

[1

{C:/ProgramData/MiKTeX/2.9/pdftex/config/pdftex.map}]
Package atveryend Info: Empty hook `BeforeClearDocument' on input line 98.
Package atveryend Info: Empty hook `AfterLastShipout' on input line 98.

(C:\Dropbox\PCADSC\article\APM\Fig1.aux)
Package atveryend Info: Executing hook `AtVeryEndDocument' on input line 98.
Package atveryend Info: Executing hook `AtEndAfterFileList' on input line 98.
Package rerunfilecheck Info: File `Fig1.out' has not changed.
(rerunfilecheck)             Checksum: D41D8CD98F00B204E9800998ECF8427E;0.
Package atveryend Info: Empty hook `AtVeryVeryEnd' on input line 98.
 ) 
Here is how much of TeX's memory you used:
 21160 strings out of 493921
 412368 string characters out of 3147279
 488030 words of memory out of 3000000
 24043 multiletter control sequences out of 15000+200000
 23112 words of font info for 50 fonts, out of 3000000 for 9000
 841 hyphenation exceptions out of 8191
 55i,8n,67p,439b,754s stack positions out of 5000i,500n,10000p,200000b,50000s
{C:/Program Files/MiKTeX 2.9/fonts/enc/dvips/arev/arevot1.enc}{C:/Program Fil
es/MiKTeX 2.9/fonts/enc/dvips/arev/arevoml.enc}{C:/Program Files/MiKTeX 2.9/fon
ts/enc/dvips/fontname/8r.enc}<C:/Program Files/MiKTeX 2.9/fonts/type1/public/ar
ev/ArevSans-Oblique.pfb><C:/Program Files/MiKTeX 2.9/fonts/type1/public/arev/Ar
evSans-Roman.pfb>
Output written on Fig1.pdf (1 page, 23272 bytes).
PDF statistics:
 27 PDF objects out of 1000 (max. 8388607)
 2 named destinations out of 1000 (max. 500000)
 13 words of extra memory for PDF output out of 10000 (max. 10000000)

